2022.02.23 10:49:51 INFO  tracing is disabled for protocol LSP, to enable tracing of incoming and outgoing JSON messages create an empty file at /Users/kostas/Library/CloudStorage/OneDrive-Personal/Scala/fireworks/.metals/lsp.trace.json or /Users/kostas/Library/Caches/org.scalameta.metals/lsp.trace.json
2022.02.23 10:49:52 INFO  logging to file /Users/kostas/Library/CloudStorage/OneDrive-Personal/Scala/fireworks/.metals/metals.log
2022.02.23 10:49:52 INFO  Started: Metals version 0.11.1 in workspace '/Users/kostas/Library/CloudStorage/OneDrive-Personal/Scala/fireworks' for client Visual Studio Code 1.64.2.
2022.02.23 10:49:52 INFO  Parse release: 1.8.0_292
2022.02.23 10:49:53 INFO  time: initialize in 1.36s
2022.02.23 10:49:54 WARN  Build server is not auto-connectable.
2022.02.23 10:49:56 INFO  running '/Users/kostas/Library/Caches/Coursier/arc/https/github.com/AdoptOpenJDK/openjdk8-binaries/releases/download/jdk8u292-b10/OpenJDK8U-jdk_x64_mac_hotspot_8u292b10.tar.gz/jdk8u292-b10/Contents/Home/bin/java -Djline.terminal=jline.UnsupportedTerminal -Dsbt.log.noformat=true -Dfile.encoding=UTF-8 -jar /var/folders/3k/zp1jhn5x4t7cx84fblxgbdvc0000gn/T/metals5431862724973659544/sbt-launch.jar -Dbloop.export-jar-classifiers=sources bloopInstall'
2022.02.23 10:49:57 WARN  no build target for: /Users/kostas/Library/CloudStorage/OneDrive-Personal/Scala/fireworks/project/metals.sbt
2022.02.23 10:49:57 WARN  no build target for: /Users/kostas/Library/CloudStorage/OneDrive-Personal/Scala/fireworks/project/project/metals.sbt
2022.02.23 10:49:56 INFO  skipping build import with status 'Started'
2022.02.23 10:49:57 ERROR [info] [launcher] getting org.scala-sbt sbt 1.5.3  (this may take some time)...
2022.02.23 10:49:58 WARN  no build target for: /Users/kostas/Library/CloudStorage/OneDrive-Personal/Scala/fireworks/project/metals.sbt
2022.02.23 10:49:58 WARN  no build target for: /Users/kostas/Library/CloudStorage/OneDrive-Personal/Scala/fireworks/project/project/metals.sbt
2022.02.23 10:49:58 INFO  skipping build import with status 'Started'
2022.02.23 10:50:00 INFO  no build target found for /Users/kostas/Library/CloudStorage/OneDrive-Personal/Scala/fireworks/project/metals.sbt. Using presentation compiler with project's scala-library version: 3.1.0
2022.02.23 10:50:09 ERROR downloading https://repo1.maven.org/maven2/org/scala-sbt/run_2.12/1.5.3/run_2.12-1.5.3.jar ...
2022.02.23 10:50:09 ERROR downloading https://repo1.maven.org/maven2/org/scala-sbt/sbt/1.5.3/sbt-1.5.3.jar ...
2022.02.23 10:50:09 ERROR downloading https://repo1.maven.org/maven2/org/scala-sbt/io_2.12/1.5.1/io_2.12-1.5.1.jar ...
2022.02.23 10:50:09 ERROR downloading https://repo1.maven.org/maven2/org/scala-sbt/main-settings_2.12/1.5.3/main-settings_2.12-1.5.3.jar ...
2022.02.23 10:50:09 ERROR downloading https://repo1.maven.org/maven2/org/scala-sbt/main_2.12/1.5.3/main_2.12-1.5.3.jar ...
2022.02.23 10:50:09 ERROR downloading https://repo1.maven.org/maven2/org/scala-sbt/logic_2.12/1.5.3/logic_2.12-1.5.3.jar ...
2022.02.23 10:50:09 ERROR downloading https://repo1.maven.org/maven2/org/scala-sbt/actions_2.12/1.5.3/actions_2.12-1.5.3.jar ...
2022.02.23 10:50:09 ERROR downloading https://repo1.maven.org/maven2/org/scala-lang/scala-library/2.12.14/scala-library-2.12.14.jar ...
2022.02.23 10:50:09 ERROR :: loading settings :: url = jar:file:/private/var/folders/3k/zp1jhn5x4t7cx84fblxgbdvc0000gn/T/metals5431862724973659544/sbt-launch.jar!/org/apache/ivy/core/settings/ivysettings.xml
2022.02.23 10:50:09 ERROR :: loading settings :: url = jar:file:/private/var/folders/3k/zp1jhn5x4t7cx84fblxgbdvc0000gn/T/metals5431862724973659544/sbt-launch.jar!/org/apache/ivy/core/settings/ivysettings.xml
2022.02.23 10:50:09 ERROR :: loading settings :: url = jar:file:/private/var/folders/3k/zp1jhn5x4t7cx84fblxgbdvc0000gn/T/metals5431862724973659544/sbt-launch.jar!/org/apache/ivy/core/settings/ivysettings.xml
2022.02.23 10:50:09 ERROR :: loading settings :: url = jar:file:/private/var/folders/3k/zp1jhn5x4t7cx84fblxgbdvc0000gn/T/metals5431862724973659544/sbt-launch.jar!/org/apache/ivy/core/settings/ivysettings.xml
2022.02.23 10:50:09 ERROR :: loading settings :: url = jar:file:/private/var/folders/3k/zp1jhn5x4t7cx84fblxgbdvc0000gn/T/metals5431862724973659544/sbt-launch.jar!/org/apache/ivy/core/settings/ivysettings.xml
2022.02.23 10:50:09 ERROR :: loading settings :: url = jar:file:/private/var/folders/3k/zp1jhn5x4t7cx84fblxgbdvc0000gn/T/metals5431862724973659544/sbt-launch.jar!/org/apache/ivy/core/settings/ivysettings.xml
2022.02.23 10:50:09 ERROR :: loading settings :: url = jar:file:/private/var/folders/3k/zp1jhn5x4t7cx84fblxgbdvc0000gn/T/metals5431862724973659544/sbt-launch.jar!/org/apache/ivy/core/settings/ivysettings.xml
2022.02.23 10:50:09 ERROR :: loading settings :: url = jar:file:/private/var/folders/3k/zp1jhn5x4t7cx84fblxgbdvc0000gn/T/metals5431862724973659544/sbt-launch.jar!/org/apache/ivy/core/settings/ivysettings.xml
2022.02.23 10:50:09 ERROR 	[SUCCESSFUL ] org.scala-sbt#io_2.12;1.5.1!io_2.12.jar (791ms)
2022.02.23 10:50:09 ERROR 	[SUCCESSFUL ] org.scala-sbt#logic_2.12;1.5.3!logic_2.12.jar (790ms)
2022.02.23 10:50:09 ERROR 	[SUCCESSFUL ] org.scala-sbt#run_2.12;1.5.3!run_2.12.jar (789ms)
2022.02.23 10:50:09 ERROR downloading https://repo1.maven.org/maven2/org/scala-sbt/collections_2.12/1.5.3/collections_2.12-1.5.3.jar ...
2022.02.23 10:50:09 ERROR downloading https://repo1.maven.org/maven2/org/scala-sbt/scripted-plugin_2.12/1.5.3/scripted-plugin_2.12-1.5.3.jar ...
2022.02.23 10:50:09 ERROR downloading https://repo1.maven.org/maven2/org/scala-sbt/command_2.12/1.5.3/command_2.12-1.5.3.jar ...
2022.02.23 10:50:10 ERROR 	[SUCCESSFUL ] org.scala-sbt#actions_2.12;1.5.3!actions_2.12.jar (1038ms)
2022.02.23 10:50:10 ERROR downloading https://repo1.maven.org/maven2/org/scala-sbt/zinc-lm-integration_2.12/1.5.3/zinc-lm-integration_2.12-1.5.3.jar ...
2022.02.23 10:50:10 ERROR 	[SUCCESSFUL ] org.scala-sbt#sbt;1.5.3!sbt.jar (1058ms)
2022.02.23 10:50:10 ERROR downloading https://repo1.maven.org/maven2/org/scala-sbt/util-logging_2.12/1.5.3/util-logging_2.12-1.5.3.jar ...
2022.02.23 10:50:10 ERROR 	[SUCCESSFUL ] org.scala-sbt#scripted-plugin_2.12;1.5.3!scripted-plugin_2.12.jar (393ms)
2022.02.23 10:50:10 ERROR downloading https://repo1.maven.org/maven2/org/scala-sbt/launcher-interface/1.3.2/launcher-interface-1.3.2.jar ...
2022.02.23 10:50:10 ERROR 	[SUCCESSFUL ] org.scala-sbt#launcher-interface;1.3.2!launcher-interface.jar (427ms)
2022.02.23 10:50:10 ERROR 	[SUCCESSFUL ] org.scala-sbt#zinc-lm-integration_2.12;1.5.3!zinc-lm-integration_2.12.jar (607ms)
2022.02.23 10:50:10 ERROR downloading https://repo1.maven.org/maven2/org/scala-sbt/librarymanagement-core_2.12/1.5.1/librarymanagement-core_2.12-1.5.1.jar ...
2022.02.23 10:50:10 ERROR downloading https://repo1.maven.org/maven2/org/scala-sbt/librarymanagement-ivy_2.12/1.5.1/librarymanagement-ivy_2.12-1.5.1.jar ...
2022.02.23 10:50:11 ERROR 	[SUCCESSFUL ] org.scala-sbt#collections_2.12;1.5.3!collections_2.12.jar (1373ms)
2022.02.23 10:50:11 ERROR downloading https://repo1.maven.org/maven2/org/scala-sbt/compiler-interface/1.5.4/compiler-interface-1.5.4.jar ...
2022.02.23 10:50:11 ERROR 	[SUCCESSFUL ] org.scala-sbt#main-settings_2.12;1.5.3!main-settings_2.12.jar (2259ms)
2022.02.23 10:50:11 ERROR downloading https://repo1.maven.org/maven2/org/scala-sbt/zinc-compile_2.12/1.5.4/zinc-compile_2.12-1.5.4.jar ...
2022.02.23 10:50:11 ERROR 	[SUCCESSFUL ] org.scala-sbt#command_2.12;1.5.3!command_2.12.jar (1766ms)
2022.02.23 10:50:11 ERROR downloading https://repo1.maven.org/maven2/org/scala-sbt/util-relation_2.12/1.5.3/util-relation_2.12-1.5.3.jar ...
2022.02.23 10:50:11 ERROR 	[SUCCESSFUL ] org.scala-sbt#util-logging_2.12;1.5.3!util-logging_2.12.jar (1752ms)
2022.02.23 10:50:11 ERROR downloading https://repo1.maven.org/maven2/org/scala-sbt/util-position_2.12/1.5.3/util-position_2.12-1.5.3.jar ...
2022.02.23 10:50:11 ERROR 	[SUCCESSFUL ] org.scala-sbt#zinc-compile_2.12;1.5.4!zinc-compile_2.12.jar (727ms)
2022.02.23 10:50:11 ERROR downloading https://repo1.maven.org/maven2/org/scala-lang/scala-reflect/2.12.14/scala-reflect-2.12.14.jar ...
2022.02.23 10:50:13 ERROR 	[SUCCESSFUL ] org.scala-sbt#compiler-interface;1.5.4!compiler-interface.jar (1251ms)
2022.02.23 10:50:13 ERROR downloading https://repo1.maven.org/maven2/org/scala-sbt/completion_2.12/1.5.3/completion_2.12-1.5.3.jar ...
2022.02.23 10:50:13 ERROR 	[SUCCESSFUL ] org.scala-sbt#util-relation_2.12;1.5.3!util-relation_2.12.jar (1166ms)
2022.02.23 10:50:13 ERROR downloading https://repo1.maven.org/maven2/org/scala-sbt/task-system_2.12/1.5.3/task-system_2.12-1.5.3.jar ...
2022.02.23 10:50:13 ERROR 	[SUCCESSFUL ] org.scala-sbt#util-position_2.12;1.5.3!util-position_2.12.jar (1228ms)
2022.02.23 10:50:13 ERROR downloading https://repo1.maven.org/maven2/org/scala-sbt/tasks_2.12/1.5.3/tasks_2.12-1.5.3.jar ...
2022.02.23 10:50:13 ERROR 	[SUCCESSFUL ] org.scala-sbt#librarymanagement-ivy_2.12;1.5.1!librarymanagement-ivy_2.12.jar (2633ms)
2022.02.23 10:50:13 ERROR downloading https://repo1.maven.org/maven2/org/scala-sbt/testing_2.12/1.5.3/testing_2.12-1.5.3.jar ...
2022.02.23 10:50:15 ERROR 	[SUCCESSFUL ] org.scala-sbt#task-system_2.12;1.5.3!task-system_2.12.jar (1542ms)
2022.02.23 10:50:15 ERROR downloading https://repo1.maven.org/maven2/org/scala-sbt/util-tracking_2.12/1.5.3/util-tracking_2.12-1.5.3.jar ...
2022.02.23 10:50:15 ERROR 	[SUCCESSFUL ] org.scala-sbt#completion_2.12;1.5.3!completion_2.12.jar (1871ms)
2022.02.23 10:50:15 ERROR downloading https://repo1.maven.org/maven2/org/scala-sbt/zinc-classpath_2.12/1.5.4/zinc-classpath_2.12-1.5.4.jar ...
2022.02.23 10:50:15 ERROR 	[SUCCESSFUL ] org.scala-sbt#tasks_2.12;1.5.3!tasks_2.12.jar (1276ms)
2022.02.23 10:50:15 ERROR downloading https://repo1.maven.org/maven2/org/scala-sbt/zinc-apiinfo_2.12/1.5.4/zinc-apiinfo_2.12-1.5.4.jar ...
2022.02.23 10:50:15 ERROR 	[SUCCESSFUL ] org.scala-sbt#librarymanagement-core_2.12;1.5.1!librarymanagement-core_2.12.jar (3745ms)
2022.02.23 10:50:15 ERROR downloading https://repo1.maven.org/maven2/org/scala-sbt/zinc_2.12/1.5.4/zinc_2.12-1.5.4.jar ...
2022.02.23 10:50:15 ERROR 	[SUCCESSFUL ] org.scala-sbt#testing_2.12;1.5.3!testing_2.12.jar (1470ms)
2022.02.23 10:50:15 ERROR downloading https://repo1.maven.org/maven2/org/scala-sbt/util-control_2.12/1.5.3/util-control_2.12-1.5.3.jar ...
2022.02.23 10:50:15 ERROR 	[SUCCESSFUL ] org.scala-sbt#util-tracking_2.12;1.5.3!util-tracking_2.12.jar (687ms)
2022.02.23 10:50:15 ERROR 	[SUCCESSFUL ] org.scala-sbt#zinc-classpath_2.12;1.5.4!zinc-classpath_2.12.jar (665ms)
2022.02.23 10:50:15 ERROR downloading https://repo1.maven.org/maven2/org/scala-sbt/core-macros_2.12/1.5.3/core-macros_2.12-1.5.3.jar ...
2022.02.23 10:50:15 ERROR downloading https://repo1.maven.org/maven2/org/scala-sbt/util-interface/1.5.3/util-interface-1.5.3.jar ...
2022.02.23 10:50:15 ERROR 	[SUCCESSFUL ] org.scala-sbt#zinc_2.12;1.5.4!zinc_2.12.jar (891ms)
2022.02.23 10:50:16 ERROR downloading https://repo1.maven.org/maven2/org/scala-lang/scala-compiler/2.12.14/scala-compiler-2.12.14.jar ...
2022.02.23 10:50:16 ERROR 	[SUCCESSFUL ] org.scala-sbt#util-control_2.12;1.5.3!util-control_2.12.jar (554ms)
2022.02.23 10:50:16 ERROR 	[SUCCESSFUL ] org.scala-sbt#zinc-apiinfo_2.12;1.5.4!zinc-apiinfo_2.12.jar (990ms)
2022.02.23 10:50:16 ERROR downloading https://repo1.maven.org/maven2/org/scala-sbt/util-cache_2.12/1.5.3/util-cache_2.12-1.5.3.jar ...
2022.02.23 10:50:16 ERROR downloading https://repo1.maven.org/maven2/org/scala-sbt/test-agent/1.5.3/test-agent-1.5.3.jar ...
2022.02.23 10:50:16 ERROR 	[SUCCESSFUL ] org.scala-sbt#main_2.12;1.5.3!main_2.12.jar (6341ms)
2022.02.23 10:50:16 ERROR downloading https://repo1.maven.org/maven2/org/scala-sbt/compiler-bridge_2.12/1.5.4/compiler-bridge_2.12-1.5.4.jar ...
2022.02.23 10:50:16 ERROR 	[SUCCESSFUL ] org.scala-sbt#util-interface;1.5.3!util-interface.jar (520ms)
2022.02.23 10:50:16 ERROR downloading https://repo1.maven.org/maven2/org/scala-sbt/zinc-classfile_2.12/1.5.4/zinc-classfile_2.12-1.5.4.jar ...
2022.02.23 10:50:16 ERROR 	[SUCCESSFUL ] org.scala-sbt#core-macros_2.12;1.5.3!core-macros_2.12.jar (887ms)
2022.02.23 10:50:16 ERROR downloading https://repo1.maven.org/maven2/org/scala-sbt/zinc-core_2.12/1.5.4/zinc-core_2.12-1.5.4.jar ...
2022.02.23 10:50:16 ERROR 	[SUCCESSFUL ] org.scala-sbt#test-agent;1.5.3!test-agent.jar (891ms)
2022.02.23 10:50:16 ERROR downloading https://repo1.maven.org/maven2/org/scala-sbt/zinc-persist_2.12/1.5.4/zinc-persist_2.12-1.5.4.jar ...
2022.02.23 10:50:17 ERROR 	[SUCCESSFUL ] org.scala-sbt#zinc-classfile_2.12;1.5.4!zinc-classfile_2.12.jar (932ms)
2022.02.23 10:50:17 ERROR 	[SUCCESSFUL ] org.scala-sbt#util-cache_2.12;1.5.3!util-cache_2.12.jar (1122ms)
2022.02.23 10:50:17 ERROR downloading https://repo1.maven.org/maven2/org/scala-sbt/zinc-persist-core-assembly/1.5.4/zinc-persist-core-assembly-1.5.4.jar ...
2022.02.23 10:50:17 ERROR downloading https://repo1.maven.org/maven2/org/scala-sbt/zinc-compile-core_2.12/1.5.4/zinc-compile-core_2.12-1.5.4.jar ...
2022.02.23 10:50:17 ERROR 	[SUCCESSFUL ] org.scala-sbt#compiler-bridge_2.12;1.5.4!compiler-bridge_2.12.jar (1464ms)
2022.02.23 10:50:17 ERROR downloading https://repo1.maven.org/maven2/org/scala-sbt/protocol_2.12/1.5.3/protocol_2.12-1.5.3.jar ...
2022.02.23 10:50:17 ERROR 	[SUCCESSFUL ] org.scala-lang#scala-library;2.12.14!scala-library.jar (8345ms)
2022.02.23 10:50:17 ERROR 	[SUCCESSFUL ] org.scala-sbt#zinc-persist_2.12;1.5.4!zinc-persist_2.12.jar (1226ms)
2022.02.23 10:50:18 ERROR 	[SUCCESSFUL ] org.scala-sbt#zinc-compile-core_2.12;1.5.4!zinc-compile-core_2.12.jar (1153ms)
2022.02.23 10:50:18 ERROR 	[SUCCESSFUL ] org.scala-sbt#zinc-core_2.12;1.5.4!zinc-core_2.12.jar (1718ms)
2022.02.23 10:50:18 ERROR 	[SUCCESSFUL ] org.scala-lang#scala-reflect;2.12.14!scala-reflect.jar (6459ms)
2022.02.23 10:50:19 ERROR 	[SUCCESSFUL ] org.scala-sbt#protocol_2.12;1.5.3!protocol_2.12.jar (1796ms)
2022.02.23 10:50:19 ERROR 	[SUCCESSFUL ] org.scala-sbt#zinc-persist-core-assembly;1.5.4!zinc-persist-core-assembly.jar (2227ms)
2022.02.23 10:50:22 ERROR 	[SUCCESSFUL ] org.scala-lang#scala-compiler;2.12.14!scala-compiler.jar (6456ms)
2022.02.23 10:50:22 ERROR :: retrieving :: org.scala-sbt#boot-app
2022.02.23 10:50:22 ERROR 	confs: [default]
2022.02.23 10:50:22 ERROR 	83 artifacts copied, 0 already retrieved
2022.02.23 10:50:22 ERROR [info] [launcher] getting Scala 2.12.14 (for sbt)...
2022.02.23 10:50:22 ERROR :: retrieving :: org.scala-sbt#boot-scala
2022.02.23 10:50:22 ERROR 	confs: [default]
2022.02.23 10:50:22 ERROR 	6 artifacts copied, 0 already retrieved
2022.02.23 10:50:25 INFO  [info] welcome to sbt 1.5.3 (AdoptOpenJDK Java 1.8.0_292)
2022.02.23 10:50:29 INFO  [info] loading settings for project fireworks-build-build-build from metals.sbt ...
2022.02.23 10:50:31 INFO  [info] loading project definition from /Users/kostas/Library/CloudStorage/OneDrive-Personal/Scala/fireworks/project/project/project
2022.02.23 10:50:42 INFO  [info] loading settings for project fireworks-build-build from metals.sbt ...
2022.02.23 10:50:42 INFO  [info] loading project definition from /Users/kostas/Library/CloudStorage/OneDrive-Personal/Scala/fireworks/project/project
2022.02.23 10:50:53 INFO  [success] Generated .bloop/fireworks-build-build.json
2022.02.23 10:50:53 INFO  [success] Total time: 11 s, completed 23-Feb-2022 10:50:53
2022.02.23 10:50:56 INFO  [info] loading settings for project fireworks-build from buildSettings.sbt,metals.sbt,plugins.sbt ...
2022.02.23 10:50:56 INFO  [info] loading project definition from /Users/kostas/Library/CloudStorage/OneDrive-Personal/Scala/fireworks/project
2022.02.23 10:51:04 INFO  [success] Generated .bloop/fireworks-build.json
2022.02.23 10:51:04 INFO  [info] compiling 2 Scala sources to /Users/kostas/Library/CloudStorage/OneDrive-Personal/Scala/fireworks/project/target/scala-2.12/sbt-1.0/classes ...
2022.02.23 10:51:04 INFO  [info] Non-compiled module 'compiler-bridge_2.12' for Scala 2.12.14. Compiling...
2022.02.23 10:51:30 INFO  [info]   Compilation completed in 25.608s.
2022.02.23 10:51:38 INFO  [info] done compiling
2022.02.23 10:51:38 INFO  [success] Total time: 42 s, completed 23-Feb-2022 10:51:39
2022.02.23 10:51:43 INFO  [info] loading settings for project fireworks from assignment.sbt,build.sbt ...
2022.02.23 10:51:44 INFO  [info] set current project to effective-scala-fireworks (in build file:/Users/kostas/Library/CloudStorage/OneDrive-Personal/Scala/fireworks/)
2022.02.23 10:52:05 INFO  [success] Generated .bloop/fireworks.json
2022.02.23 10:52:05 INFO  [success] Generated .bloop/fireworks-test.json
2022.02.23 10:52:05 INFO  [success] Total time: 21 s, completed 23-Feb-2022 10:52:06
2022.02.23 10:52:06 INFO  time: ran 'sbt bloopInstall' in 2m9s
2022.02.23 10:52:06 INFO  Attempting to connect to the build server...
2022.02.23 10:52:06 INFO  tracing is disabled for protocol BSP, to enable tracing of incoming and outgoing JSON messages create an empty file at /Users/kostas/Library/CloudStorage/OneDrive-Personal/Scala/fireworks/.metals/bsp.trace.json or /Users/kostas/Library/Caches/org.scalameta.metals/bsp.trace.json
2022.02.23 10:52:06 INFO  Attempting to connect to the build server...
2022.02.23 10:52:06 INFO  Attempting to connect to the build server...
2022.02.23 10:52:06 INFO  tracing is disabled for protocol BSP, to enable tracing of incoming and outgoing JSON messages create an empty file at /Users/kostas/Library/CloudStorage/OneDrive-Personal/Scala/fireworks/project/project/.metals/bsp.trace.json or /Users/kostas/Library/Caches/org.scalameta.metals/bsp.trace.json
2022.02.23 10:52:06 INFO  tracing is disabled for protocol BSP, to enable tracing of incoming and outgoing JSON messages create an empty file at /Users/kostas/Library/CloudStorage/OneDrive-Personal/Scala/fireworks/project/.metals/bsp.trace.json or /Users/kostas/Library/Caches/org.scalameta.metals/bsp.trace.json
2022.02.23 10:52:15 INFO  time: Connected to build server in 9.61s
2022.02.23 10:52:15 INFO  Connected to Build server: Bloop v1.4.12
2022.02.23 10:52:16 INFO  time: Imported build in 0.34s
2022.02.23 10:52:26 INFO  time: indexed workspace in 10s
2022.02.23 10:54:18 INFO  compiling fireworks (2 scala sources)
2022.02.23 10:54:31 INFO  time: compiled fireworks in 12s
2022.02.23 10:55:00 INFO  compiling fireworks-test (2 scala sources)
2022.02.23 10:55:08 INFO  time: compiled fireworks-test in 8.34s
